456 INFO: PyInstaller: 6.19.0, contrib hooks: 2026.2
456 INFO: Python: 3.13.5 (conda)
464 INFO: Platform: macOS-26.4.1-arm64-arm-64bit-Mach-O
464 INFO: Python environment: /opt/anaconda3
958 INFO: Module search paths (PYTHONPATH):
['/opt/anaconda3/lib/python313.zip',
 '/opt/anaconda3/lib/python3.13',
 '/opt/anaconda3/lib/python3.13/lib-dynload',
 '/opt/anaconda3/lib/python3.13/site-packages',
 '/opt/anaconda3/lib/python3.13/site-packages/aeosa',
 '/Users/vincenzodemaria/Desktop/QuizAlgo/PegasoQuiz/sorgenti']
1558 INFO: Appending 'datas' from .spec
1564 INFO: checking Analysis
1564 INFO: Building Analysis because Analysis-00.toc is non existent
1564 INFO: Looking for Python shared library...
1564 INFO: Using Python shared library: /opt/anaconda3/lib/libpython3.13.dylib
1564 INFO: Running Analysis Analysis-00.toc
1564 INFO: Target bytecode optimization level: 0
1564 INFO: Initializing module dependency graph...
1565 INFO: Initializing module graph hook caches...
1572 INFO: Analyzing modules for base_library.zip ...
3125 INFO: Processing standard module hook 'hook-heapq.py' from '/opt/anaconda3/lib/python3.13/site-packages/PyInstaller/hooks'
3163 INFO: Processing standard module hook 'hook-encodings.py' from '/opt/anaconda3/lib/python3.13/site-packages/PyInstaller/hooks'
4237 INFO: Processing standard module hook 'hook-pickle.py' from '/opt/anaconda3/lib/python3.13/site-packages/PyInstaller/hooks'
4727 INFO: Caching module dependency graph...
4743 INFO: Analyzing /Users/vincenzodemaria/Desktop/QuizAlgo/PegasoQuiz/sorgenti/main_quiznova.py
4759 INFO: Processing standard module hook 'hook-PySide6.py' from '/opt/anaconda3/lib/python3.13/site-packages/PyInstaller/hooks'
4846 INFO: Processing standard module hook 'hook-shiboken6.py' from '/opt/anaconda3/lib/python3.13/site-packages/PyInstaller/hooks'
4896 INFO: Processing standard module hook 'hook-PySide6.QtNetwork.py' from '/opt/anaconda3/lib/python3.13/site-packages/PyInstaller/hooks'
5217 INFO: Processing standard module hook 'hook-PySide6.QtCore.py' from '/opt/anaconda3/lib/python3.13/site-packages/PyInstaller/hooks'
5487 INFO: Processing standard module hook 'hook-PySide6.QtWidgets.py' from '/opt/anaconda3/lib/python3.13/site-packages/PyInstaller/hooks'
5786 INFO: Processing standard module hook 'hook-PySide6.QtGui.py' from '/opt/anaconda3/lib/python3.13/site-packages/PyInstaller/hooks'
5906 INFO: Processing standard module hook 'hook-PySide6.QtQml.py' from '/opt/anaconda3/lib/python3.13/site-packages/PyInstaller/hooks'
--- Logging error ---
Traceback (most recent call last):
  File "/opt/anaconda3/lib/python3.13/logging/__init__.py", line 1151, in emit
    msg = self.format(record)
  File "/opt/anaconda3/lib/python3.13/logging/__init__.py", line 999, in format
    return fmt.format(record)
           ~~~~~~~~~~^^^^^^^^
  File "/opt/anaconda3/lib/python3.13/logging/__init__.py", line 712, in format
    record.message = record.getMessage()
                     ~~~~~~~~~~~~~~~~~^^
  File "/opt/anaconda3/lib/python3.13/logging/__init__.py", line 400, in getMessage
    msg = msg % self.args
          ~~~~^~~~~~~~~~~
TypeError: not enough arguments for format string
Call stack:
  File "/opt/anaconda3/bin/pyinstaller", line 8, in <module>
    sys.exit(_console_script_run())
  File "/opt/anaconda3/lib/python3.13/site-packages/PyInstaller/__main__.py", line 231, in _console_script_run
    run()
  File "/opt/anaconda3/lib/python3.13/site-packages/PyInstaller/__main__.py", line 215, in run
    run_build(pyi_config, spec_file, **vars(args))
  File "/opt/anaconda3/lib/python3.13/site-packages/PyInstaller/__main__.py", line 70, in run_build
    PyInstaller.building.build_main.main(pyi_config, spec_file, **kwargs)
  File "/opt/anaconda3/lib/python3.13/site-packages/PyInstaller/building/build_main.py", line 1275, in main
    build(specfile, distpath, workpath, clean_build)
  File "/opt/anaconda3/lib/python3.13/site-packages/PyInstaller/building/build_main.py", line 1213, in build
    exec(code, spec_namespace)
  File "PegasoQuiz.spec", line 56, in <module>
    a = Analysis(
  File "/opt/anaconda3/lib/python3.13/site-packages/PyInstaller/building/build_main.py", line 584, in __init__
    self.__postinit__()
  File "/opt/anaconda3/lib/python3.13/site-packages/PyInstaller/building/datastruct.py", line 184, in __postinit__
    self.assemble()
  File "/opt/anaconda3/lib/python3.13/site-packages/PyInstaller/building/build_main.py", line 716, in assemble
    program_scripts.append(self.graph.add_script(script))
  File "/opt/anaconda3/lib/python3.13/site-packages/PyInstaller/depend/analysis.py", line 283, in add_script
    self._top_script_node = super().add_script(pathname)
  File "/opt/anaconda3/lib/python3.13/site-packages/PyInstaller/lib/modulegraph/modulegraph.py", line 1194, in add_script
    self._process_imports(n)
  File "/opt/anaconda3/lib/python3.13/site-packages/PyInstaller/lib/modulegraph/modulegraph.py", line 2654, in _process_imports
    target_modules = self._safe_import_hook(*import_info, **kwargs)
  File "/opt/anaconda3/lib/python3.13/site-packages/PyInstaller/depend/analysis.py", line 477, in _safe_import_hook
    ret_modules = super()._safe_import_hook(
  File "/opt/anaconda3/lib/python3.13/site-packages/PyInstaller/lib/modulegraph/modulegraph.py", line 2103, in _safe_import_hook
    target_modules = self.import_hook(
  File "/opt/anaconda3/lib/python3.13/site-packages/PyInstaller/lib/modulegraph/modulegraph.py", line 1279, in import_hook
    submodule = self._safe_import_module(head, mname, submodule)
  File "/opt/anaconda3/lib/python3.13/site-packages/PyInstaller/depend/analysis.py", line 539, in _safe_import_module
    return super()._safe_import_module(module_basename, module_name, parent_package)
  File "/opt/anaconda3/lib/python3.13/site-packages/PyInstaller/lib/modulegraph/modulegraph.py", line 1826, in _safe_import_module
    self._process_imports(n)
  File "/opt/anaconda3/lib/python3.13/site-packages/PyInstaller/lib/modulegraph/modulegraph.py", line 2654, in _process_imports
    target_modules = self._safe_import_hook(*import_info, **kwargs)
  File "/opt/anaconda3/lib/python3.13/site-packages/PyInstaller/depend/analysis.py", line 385, in _safe_import_hook
    excluded_imports = self._find_all_excluded_imports(source_module.identifier)
  File "/opt/anaconda3/lib/python3.13/site-packages/PyInstaller/depend/analysis.py", line 373, in _find_all_excluded_imports
    excluded_imports.update(module_hook.excludedimports)
  File "/opt/anaconda3/lib/python3.13/site-packages/PyInstaller/depend/imphook.py", line 343, in __getattr__
    self._load_hook_module()
  File "/opt/anaconda3/lib/python3.13/site-packages/PyInstaller/depend/imphook.py", line 422, in _load_hook_module
    self._hook_module = importlib_load_source(self.hook_module_name, self.hook_filename)
  File "/opt/anaconda3/lib/python3.13/site-packages/PyInstaller/compat.py", line 559, in importlib_load_source
    mod_loader.exec_module(mod)
  File "<frozen importlib._bootstrap_external>", line 1026, in exec_module
  File "<frozen importlib._bootstrap>", line 488, in _call_with_frames_removed
  File "/opt/anaconda3/lib/python3.13/site-packages/PyInstaller/hooks/hook-PySide6.QtQml.py", line 15, in <module>
    qml_binaries, qml_datas = pyside6_library_info.collect_qtqml_files()
  File "/opt/anaconda3/lib/python3.13/site-packages/PyInstaller/utils/hooks/qt/__init__.py", line 963, in collect_qtqml_files
    plugin_binaries, plugin_datas = self._process_qml_plugin(qmldir_file)
  File "/opt/anaconda3/lib/python3.13/site-packages/PyInstaller/utils/hooks/qt/__init__.py", line 1014, in _process_qml_plugin
    logger.warn("%s: QML plugin binary %r does not exist!", str(plugin_file))
Message: '%s: QML plugin binary %r does not exist!'
Arguments: ('/opt/anaconda3/lib/qt6/qml/Assets/Downloader/libqmlassetdownloaderplugin.dylib',)
6303 INFO: Processing standard module hook 'hook-_ctypes.py' from '/opt/anaconda3/lib/python3.13/site-packages/PyInstaller/hooks'
6343 INFO: Processing standard module hook 'hook-certifi.py' from '/opt/anaconda3/lib/python3.13/site-packages/_pyinstaller_hooks_contrib/stdhooks'
6351 INFO: Processing standard module hook 'hook-PySide6.QtPrintSupport.py' from '/opt/anaconda3/lib/python3.13/site-packages/PyInstaller/hooks'
6432 INFO: Processing standard module hook 'hook-difflib.py' from '/opt/anaconda3/lib/python3.13/site-packages/PyInstaller/hooks'
6440 INFO: Processing standard module hook 'hook-cryptography.py' from '/opt/anaconda3/lib/python3.13/site-packages/_pyinstaller_hooks_contrib/stdhooks'
7532 INFO: hook-cryptography: cryptography uses dynamically-linked OpenSSL: '/opt/anaconda3/lib/libssl.3.dylib'
7555 INFO: Processing pre-safe-import-module hook 'hook-typing_extensions.py' from '/opt/anaconda3/lib/python3.13/site-packages/PyInstaller/hooks/pre_safe_import_module'
7556 INFO: SetuptoolsInfo: initializing cached setuptools info...
9395 INFO: Processing standard module hook 'hook-xml.py' from '/opt/anaconda3/lib/python3.13/site-packages/PyInstaller/hooks'
9397 INFO: Processing standard module hook 'hook-xml.dom.domreg.py' from '/opt/anaconda3/lib/python3.13/site-packages/PyInstaller/hooks'
9481 INFO: Processing standard module hook 'hook-PIL.py' from '/opt/anaconda3/lib/python3.13/site-packages/PyInstaller/hooks'
9519 INFO: Processing standard module hook 'hook-PIL.Image.py' from '/opt/anaconda3/lib/python3.13/site-packages/PyInstaller/hooks'
10024 INFO: Processing standard module hook 'hook-xml.etree.cElementTree.py' from '/opt/anaconda3/lib/python3.13/site-packages/PyInstaller/hooks'
10163 INFO: Processing standard module hook 'hook-platform.py' from '/opt/anaconda3/lib/python3.13/site-packages/PyInstaller/hooks'
10181 INFO: Processing standard module hook 'hook-sysconfig.py' from '/opt/anaconda3/lib/python3.13/site-packages/PyInstaller/hooks'
10186 INFO: Processing standard module hook 'hook-_osx_support.py' from '/opt/anaconda3/lib/python3.13/site-packages/PyInstaller/hooks'
10212 INFO: Processing standard module hook 'hook-PIL.ImageFilter.py' from '/opt/anaconda3/lib/python3.13/site-packages/PyInstaller/hooks'
10552 INFO: Processing standard module hook 'hook-Crypto.py' from '/opt/anaconda3/lib/python3.13/site-packages/_pyinstaller_hooks_contrib/stdhooks'
10726 INFO: Processing standard module hook 'hook-pycparser.py' from '/opt/anaconda3/lib/python3.13/site-packages/_pyinstaller_hooks_contrib/stdhooks'
10871 INFO: Processing standard module hook 'hook-setuptools.py' from '/opt/anaconda3/lib/python3.13/site-packages/PyInstaller/hooks'
10875 INFO: Processing pre-safe-import-module hook 'hook-distutils.py' from '/opt/anaconda3/lib/python3.13/site-packages/PyInstaller/hooks/pre_safe_import_module'
10894 INFO: Processing pre-safe-import-module hook 'hook-jaraco.py' from '/opt/anaconda3/lib/python3.13/site-packages/PyInstaller/hooks/pre_safe_import_module'
10895 INFO: Setuptools: 'jaraco' appears to be a partial setuptools-vendored copy - extending search paths to ['/opt/anaconda3/lib/python3.13/site-packages/jaraco', '/opt/anaconda3/lib/python3.13/site-packages/setuptools/_vendor/jaraco']!
10895 INFO: Processing pre-safe-import-module hook 'hook-jaraco.functools.py' from '/opt/anaconda3/lib/python3.13/site-packages/PyInstaller/hooks/pre_safe_import_module'
10898 INFO: Processing pre-safe-import-module hook 'hook-more_itertools.py' from '/opt/anaconda3/lib/python3.13/site-packages/PyInstaller/hooks/pre_safe_import_module'
10978 INFO: Processing pre-safe-import-module hook 'hook-packaging.py' from '/opt/anaconda3/lib/python3.13/site-packages/PyInstaller/hooks/pre_safe_import_module'
11032 INFO: Processing pre-safe-import-module hook 'hook-jaraco.text.py' from '/opt/anaconda3/lib/python3.13/site-packages/PyInstaller/hooks/pre_safe_import_module'
11033 INFO: Setuptools: 'jaraco.text' appears to be a setuptools-vendored copy - creating alias to 'setuptools._vendor.jaraco.text'!
11037 INFO: Processing standard module hook 'hook-setuptools._vendor.jaraco.text.py' from '/opt/anaconda3/lib/python3.13/site-packages/PyInstaller/hooks'
11037 INFO: Processing pre-safe-import-module hook 'hook-importlib_resources.py' from '/opt/anaconda3/lib/python3.13/site-packages/PyInstaller/hooks/pre_safe_import_module'
11037 INFO: Processing pre-safe-import-module hook 'hook-jaraco.context.py' from '/opt/anaconda3/lib/python3.13/site-packages/PyInstaller/hooks/pre_safe_import_module'
11040 INFO: Processing pre-safe-import-module hook 'hook-backports.py' from '/opt/anaconda3/lib/python3.13/site-packages/PyInstaller/hooks/pre_safe_import_module'
11041 INFO: Setuptools: 'backports' appears to be a full setuptools-vendored copy - creating alias to 'setuptools._vendor.backports'!
11105 INFO: Processing pre-safe-import-module hook 'hook-importlib_metadata.py' from '/opt/anaconda3/lib/python3.13/site-packages/PyInstaller/hooks/pre_safe_import_module'
11124 INFO: Processing standard module hook 'hook-importlib_metadata.py' from '/opt/anaconda3/lib/python3.13/site-packages/PyInstaller/hooks'
11132 INFO: Processing pre-safe-import-module hook 'hook-zipp.py' from '/opt/anaconda3/lib/python3.13/site-packages/PyInstaller/hooks/pre_safe_import_module'
11227 INFO: Processing pre-safe-import-module hook 'hook-tomli.py' from '/opt/anaconda3/lib/python3.13/site-packages/PyInstaller/hooks/pre_safe_import_module'
11479 INFO: Processing pre-safe-import-module hook 'hook-wheel.py' from '/opt/anaconda3/lib/python3.13/site-packages/PyInstaller/hooks/pre_safe_import_module'
11685 INFO: Processing standard module hook 'hook-multiprocessing.util.py' from '/opt/anaconda3/lib/python3.13/site-packages/PyInstaller/hooks'
12168 INFO: Processing standard module hook 'hook-PySide6.QtPdf.py' from '/opt/anaconda3/lib/python3.13/site-packages/PyInstaller/hooks'
12225 INFO: Processing standard module hook 'hook-PySide6.QtPdfWidgets.py' from '/opt/anaconda3/lib/python3.13/site-packages/PyInstaller/hooks'
12278 INFO: Analyzing hidden import 'charset_normalizer'
12279 INFO: Processing standard module hook 'hook-charset_normalizer.py' from '/opt/anaconda3/lib/python3.13/site-packages/_pyinstaller_hooks_contrib/stdhooks'
12318 INFO: Analyzing hidden import 'charset_normalizer.__main__'
12321 INFO: Analyzing hidden import 'copyright_crypto'
12324 INFO: Analyzing hidden import 'PySide6.QtQuick'
12355 INFO: Processing standard module hook 'hook-PySide6.QtQuick.py' from '/opt/anaconda3/lib/python3.13/site-packages/PyInstaller/hooks'
12950 INFO: Processing standard module hook 'hook-PySide6.QtOpenGL.py' from '/opt/anaconda3/lib/python3.13/site-packages/PyInstaller/hooks'
13019 INFO: Analyzing hidden import 'PySide6.QtQuickControls2'
13020 INFO: Processing standard module hook 'hook-PySide6.QtQuickControls2.py' from '/opt/anaconda3/lib/python3.13/site-packages/PyInstaller/hooks'
13073 INFO: Processing module hooks (post-graph stage)...
13096 WARNING: Hidden import "charset_normalizer.md__mypyc" not found!
13216 INFO: Processing standard module hook 'hook-PIL.SpiderImagePlugin.py' from '/opt/anaconda3/lib/python3.13/site-packages/PyInstaller/hooks'
13279 INFO: Processing standard module hook 'hook-PySide6.QtDBus.py' from '/opt/anaconda3/lib/python3.13/site-packages/PyInstaller/hooks'
13341 INFO: Performing binary vs. data reclassification (1960 entries)
13570 INFO: Looking for ctypes DLLs
13581 INFO: Analyzing run-time hooks ...
13582 INFO: Including run-time hook 'pyi_rth_inspect.py' from '/opt/anaconda3/lib/python3.13/site-packages/PyInstaller/hooks/rthooks'
13583 INFO: Including run-time hook 'pyi_rth_pkgutil.py' from '/opt/anaconda3/lib/python3.13/site-packages/PyInstaller/hooks/rthooks'
13584 INFO: Including run-time hook 'pyi_rth_multiprocessing.py' from '/opt/anaconda3/lib/python3.13/site-packages/PyInstaller/hooks/rthooks'
13585 INFO: Including run-time hook 'pyi_rth_setuptools.py' from '/opt/anaconda3/lib/python3.13/site-packages/PyInstaller/hooks/rthooks'
13585 INFO: Including run-time hook 'pyi_rth_cryptography_openssl.py' from '/opt/anaconda3/lib/python3.13/site-packages/_pyinstaller_hooks_contrib/rthooks'
13586 INFO: Including run-time hook 'pyi_rth_pyside6.py' from '/opt/anaconda3/lib/python3.13/site-packages/PyInstaller/hooks/rthooks'
13587 INFO: Processing pre-find-module-path hook 'hook-_pyi_rth_utils.py' from '/opt/anaconda3/lib/python3.13/site-packages/PyInstaller/hooks/pre_find_module_path'
13587 INFO: Processing standard module hook 'hook-_pyi_rth_utils.py' from '/opt/anaconda3/lib/python3.13/site-packages/PyInstaller/hooks'
13605 INFO: Creating base_library.zip...
13612 INFO: Looking for dynamic libraries
14133 INFO: Warnings written to /Users/vincenzodemaria/Desktop/QuizAlgo/PegasoQuiz/sorgenti/build/PegasoQuiz/warn-PegasoQuiz.txt
14143 INFO: Graph cross-reference written to /Users/vincenzodemaria/Desktop/QuizAlgo/PegasoQuiz/sorgenti/build/PegasoQuiz/xref-PegasoQuiz.html
14292 INFO: checking PYZ
14292 INFO: Building PYZ because PYZ-00.toc is non existent
14292 INFO: Building PYZ (ZlibArchive) /Users/vincenzodemaria/Desktop/QuizAlgo/PegasoQuiz/sorgenti/build/PegasoQuiz/PYZ-00.pyz
14623 INFO: Building PYZ (ZlibArchive) /Users/vincenzodemaria/Desktop/QuizAlgo/PegasoQuiz/sorgenti/build/PegasoQuiz/PYZ-00.pyz completed successfully.
14626 INFO: EXE target arch: arm64
14626 INFO: Code signing identity: None
14626 INFO: checking PKG
14626 INFO: Building PKG because PKG-00.toc is non existent
14626 INFO: Building PKG (CArchive) PegasoQuiz.pkg
14642 INFO: Building PKG (CArchive) PegasoQuiz.pkg completed successfully.
14643 INFO: Bootloader /opt/anaconda3/lib/python3.13/site-packages/PyInstaller/bootloader/Darwin-64bit/runw
14643 INFO: checking EXE
14643 INFO: Building EXE because EXE-00.toc is non existent
14643 INFO: Building EXE from EXE-00.toc
14643 INFO: Copying bootloader EXE to /Users/vincenzodemaria/Desktop/QuizAlgo/PegasoQuiz/sorgenti/build/PegasoQuiz/PegasoQuiz
14644 INFO: Converting EXE to target arch (arm64)
14655 INFO: Removing signature(s) from EXE
14667 INFO: Modifying Mach-O image UUID(s) in EXE
14670 INFO: Appending PKG archive to EXE
14671 INFO: Fixing EXE headers for code signing
14673 INFO: Rewriting the executable's macOS SDK version (15.5.0) to match the SDK version of the Python library (11.1.0) in order to avoid inconsistent behavior and potential UI issues in the frozen application.
14673 INFO: Re-signing the EXE
14688 INFO: Building EXE from EXE-00.toc completed successfully.
14696 INFO: checking COLLECT
14696 INFO: Building COLLECT because COLLECT-00.toc is non existent
14696 INFO: Building COLLECT COLLECT-00.toc
18207 INFO: Building COLLECT COLLECT-00.toc completed successfully.
18224 INFO: checking BUNDLE
18224 INFO: Building BUNDLE because BUNDLE-00.toc is non existent
18224 INFO: Building BUNDLE BUNDLE-00.toc
21525 INFO: Signing the BUNDLE...
22588 INFO: Building BUNDLE BUNDLE-00.toc completed successfully.
22600 INFO: Build complete! The results are available in: /Users/vincenzodemaria/Desktop/QuizAlgo/PegasoQuiz/sorgenti/dist
